Flow report for Fpga
Fri Jan 05 10:26:34 2018
Quartus II 64-Bit Version 13.0.1 Build 232 06/12/2013 Service Pack 1 SJ Full Version


---------------------
; Table of Contents ;
---------------------
  1. Legal Notice
  2. Flow Summary
  3. Flow Settings
  4. Flow Non-Default Global Settings
  5. Flow Elapsed Time
  6. Flow OS Summary
  7. Flow Log
  8. Flow Messages
  9. Flow Suppressed Messages



----------------
; Legal Notice ;
----------------
Copyright (C) 1991-2013 Altera Corporation
Your use of Altera Corporation's design tools, logic functions 
and other software and tools, and its AMPP partner logic 
functions, and any output files from any of the foregoing 
(including device programming or simulation files), and any 
associated documentation or information are expressly subject 
to the terms and conditions of the Altera Program License 
Subscription Agreement, Altera MegaCore Function License 
Agreement, or other applicable license agreement, including, 
without limitation, that your use is for the sole purpose of 
programming logic devices manufactured by Altera and sold by 
Altera or its authorized distributors.  Please refer to the 
applicable agreement for further details.



+-----------------------------------------------------------------------------------+
; Flow Summary                                                                      ;
+--------------------------------+--------------------------------------------------+
; Flow Status                    ; Successful - Fri Jan 05 10:25:56 2018            ;
; Quartus II 64-Bit Version      ; 13.0.1 Build 232 06/12/2013 SP 1 SJ Full Version ;
; Revision Name                  ; Fpga                                             ;
; Top-level Entity Name          ; Fpga                                             ;
; Family                         ; Arria GX                                         ;
; Device                         ; EP1AGX60DF780C6                                  ;
; Timing Models                  ; Final                                            ;
; Logic utilization              ; 74 %                                             ;
;     Combinational ALUTs        ; 26,147 / 48,080 ( 54 % )                         ;
;     Dedicated logic registers  ; 20,415 / 48,080 ( 42 % )                         ;
; Total registers                ; 20692                                            ;
; Total pins                     ; 312 / 395 ( 79 % )                               ;
; Total virtual pins             ; 0                                                ;
; Total block memory bits        ; 1,815,020 / 2,528,640 ( 72 % )                   ;
; DSP block 9-bit elements       ; 256 / 256 ( 100 % )                              ;
; Total GXB Receiver Channels    ; 1 / 8 ( 13 % )                                   ;
; Total GXB Transmitter Channels ; 1 / 8 ( 13 % )                                   ;
; Total PLLs                     ; 3 / 4 ( 75 % )                                   ;
; Total DLLs                     ; 1 / 2 ( 50 % )                                   ;
+--------------------------------+--------------------------------------------------+


+-----------------------------------------+
; Flow Settings                           ;
+-------------------+---------------------+
; Option            ; Setting             ;
+-------------------+---------------------+
; Start date & time ; 09/04/2017 14:42:19 ;
; Main task         ; Compilation         ;
; Revision Name     ; Fpga                ;
+-------------------+---------------------+


+--------------------------------------------------------------------------------------------------------------------------------------------------------------+
; Flow Non-Default Global Settings                                                                                                                             ;
+---------------------------------------------------+-------------------------------------------------------+---------------+-------------+--------------------+
; Assignment Name                                   ; Value                                                 ; Default Value ; Entity Name ; Section Id         ;
+---------------------------------------------------+-------------------------------------------------------+---------------+-------------+--------------------+
; COMPILER_SIGNATURE_ID                             ; 157220082348.150452893909664                          ; --            ; --          ; --                 ;
; EDA_DESIGN_EXTRA_ALTERA_SIM_LIB                   ; stratixii_ver                                         ; --            ; --          ; eda_simulation     ;
; EDA_DESIGN_EXTRA_ALTERA_SIM_LIB                   ; stratixii_ver                                         ; --            ; --          ; eda_simulation     ;
; IP_TOOL_NAME                                      ; ALTREMOTE_UPDATE                                      ; --            ; --          ; --                 ;
; IP_TOOL_NAME                                      ; ALTASMI_PARALLEL                                      ; --            ; --          ; --                 ;
; IP_TOOL_NAME                                      ; DDR2 High Performance Controller                      ; --            ; --          ; --                 ;
; IP_TOOL_NAME                                      ; altmemphy                                             ; --            ; --          ; --                 ;
; IP_TOOL_NAME                                      ; ALTPLL                                                ; --            ; --          ; --                 ;
; IP_TOOL_NAME                                      ; ALTPLL_RECONFIG                                       ; --            ; --          ; --                 ;
; IP_TOOL_NAME                                      ; FIFO                                                  ; --            ; --          ; --                 ;
; IP_TOOL_NAME                                      ; FIFO                                                  ; --            ; --          ; --                 ;
; IP_TOOL_NAME                                      ; FIFO                                                  ; --            ; --          ; --                 ;
; IP_TOOL_NAME                                      ; ALTDDIO_IN                                            ; --            ; --          ; --                 ;
; IP_TOOL_NAME                                      ; ALT2GXB                                               ; --            ; --          ; --                 ;
; IP_TOOL_NAME                                      ; ALTPLL                                                ; --            ; --          ; --                 ;
; IP_TOOL_NAME                                      ; RAM: 1-PORT                                           ; --            ; --          ; --                 ;
; IP_TOOL_NAME                                      ; RAM: 2-PORT                                           ; --            ; --          ; --                 ;
; IP_TOOL_NAME                                      ; LPM_ADD_SUB                                           ; --            ; --          ; --                 ;
; IP_TOOL_NAME                                      ; LPM_ADD_SUB                                           ; --            ; --          ; --                 ;
; IP_TOOL_NAME                                      ; FIFO                                                  ; --            ; --          ; --                 ;
; IP_TOOL_NAME                                      ; FIFO                                                  ; --            ; --          ; --                 ;
; IP_TOOL_NAME                                      ; FIFO                                                  ; --            ; --          ; --                 ;
; IP_TOOL_NAME                                      ; FIFO                                                  ; --            ; --          ; --                 ;
; IP_TOOL_NAME                                      ; FIFO                                                  ; --            ; --          ; --                 ;
; IP_TOOL_NAME                                      ; FIFO                                                  ; --            ; --          ; --                 ;
; IP_TOOL_NAME                                      ; FIFO                                                  ; --            ; --          ; --                 ;
; IP_TOOL_NAME                                      ; FIFO                                                  ; --            ; --          ; --                 ;
; IP_TOOL_NAME                                      ; ALTPLL                                                ; --            ; --          ; --                 ;
; IP_TOOL_NAME                                      ; ALTCLKCTRL                                            ; --            ; --          ; --                 ;
; IP_TOOL_NAME                                      ; FIFO                                                  ; --            ; --          ; --                 ;
; IP_TOOL_VERSION                                   ; 13.0                                                  ; --            ; --          ; --                 ;
; IP_TOOL_VERSION                                   ; 13.0                                                  ; --            ; --          ; --                 ;
; IP_TOOL_VERSION                                   ; 13.0                                                  ; --            ; --          ; --                 ;
; IP_TOOL_VERSION                                   ; 13.0                                                  ; --            ; --          ; --                 ;
; IP_TOOL_VERSION                                   ; 13.0                                                  ; --            ; --          ; --                 ;
; IP_TOOL_VERSION                                   ; 13.0                                                  ; --            ; --          ; --                 ;
; IP_TOOL_VERSION                                   ; 9.1                                                   ; --            ; --          ; --                 ;
; IP_TOOL_VERSION                                   ; 9.1                                                   ; --            ; --          ; --                 ;
; IP_TOOL_VERSION                                   ; 9.1                                                   ; --            ; --          ; --                 ;
; IP_TOOL_VERSION                                   ; 8.1                                                   ; --            ; --          ; --                 ;
; IP_TOOL_VERSION                                   ; 8.1                                                   ; --            ; --          ; --                 ;
; IP_TOOL_VERSION                                   ; 13.0                                                  ; --            ; --          ; --                 ;
; IP_TOOL_VERSION                                   ; 8.1                                                   ; --            ; --          ; --                 ;
; IP_TOOL_VERSION                                   ; 13.0                                                  ; --            ; --          ; --                 ;
; IP_TOOL_VERSION                                   ; 9.1                                                   ; --            ; --          ; --                 ;
; IP_TOOL_VERSION                                   ; 9.1                                                   ; --            ; --          ; --                 ;
; IP_TOOL_VERSION                                   ; 9.1                                                   ; --            ; --          ; --                 ;
; IP_TOOL_VERSION                                   ; 9.1                                                   ; --            ; --          ; --                 ;
; IP_TOOL_VERSION                                   ; 9.1                                                   ; --            ; --          ; --                 ;
; IP_TOOL_VERSION                                   ; 9.1                                                   ; --            ; --          ; --                 ;
; IP_TOOL_VERSION                                   ; 9.1                                                   ; --            ; --          ; --                 ;
; IP_TOOL_VERSION                                   ; 9.1                                                   ; --            ; --          ; --                 ;
; IP_TOOL_VERSION                                   ; 11.1                                                  ; --            ; --          ; --                 ;
; IP_TOOL_VERSION                                   ; 11.1                                                  ; --            ; --          ; --                 ;
; IP_TOOL_VERSION                                   ; 11.1                                                  ; --            ; --          ; --                 ;
; IP_TOOL_VERSION                                   ; 11.1                                                  ; --            ; --          ; --                 ;
; IP_TOOL_VERSION                                   ; 13.0                                                  ; --            ; --          ; --                 ;
; MAX_CORE_JUNCTION_TEMP                            ; 85                                                    ; --            ; --          ; --                 ;
; MIN_CORE_JUNCTION_TEMP                            ; 0                                                     ; --            ; --          ; --                 ;
; MISC_FILE                                         ; ../Mpd_Common/z_remote_inst.v                         ; --            ; --          ; --                 ;
; MISC_FILE                                         ; ../Mpd_Common/z_asmi_inst.v                           ; --            ; --          ; --                 ;
; MISC_FILE                                         ; Ddr2SdramIf/Ddr2SdramIf.v                             ; --            ; --          ; --                 ;
; MISC_FILE                                         ; Ddr2SdramIf/Ddr2SdramIf_bb.v                          ; --            ; --          ; --                 ;
; MISC_FILE                                         ; Ddr2SdramIf/Ddr2SdramIf.bsf                           ; --            ; --          ; --                 ;
; MISC_FILE                                         ; Ddr2SdramIf/Ddr2SdramIf.qip                           ; --            ; --          ; --                 ;
; MISC_FILE                                         ; Ddr2SdramIf/Ddr2SdramIf.html                          ; --            ; --          ; --                 ;
; MISC_FILE                                         ; Ddr2SdramIf/Ddr2SdramIf_example_driver.v              ; --            ; --          ; --                 ;
; MISC_FILE                                         ; Ddr2SdramIf/Ddr2SdramIf_example_top.v                 ; --            ; --          ; --                 ;
; MISC_FILE                                         ; Ddr2SdramIf/Ddr2SdramIf_ex_lfsr8.v                    ; --            ; --          ; --                 ;
; MISC_FILE                                         ; Ddr2SdramIf/testbench/Ddr2SdramIf_example_top_tb.v    ; --            ; --          ; --                 ;
; MISC_FILE                                         ; Ddr2SdramIf/testbench/Ddr2SdramIf_mem_model.v         ; --            ; --          ; --                 ;
; MISC_FILE                                         ; Ddr2SdramIf/testbench/Ddr2SdramIf_full_mem_model.v    ; --            ; --          ; --                 ;
; MISC_FILE                                         ; Ddr2SdramIf/Ddr2SdramIf_pin_assignments.tcl           ; --            ; --          ; --                 ;
; MISC_FILE                                         ; Ddr2SdramIf/Ddr2SdramIf_phy.v                         ; --            ; --          ; --                 ;
; MISC_FILE                                         ; Ddr2SdramIf/Ddr2SdramIf_phy_bb.v                      ; --            ; --          ; --                 ;
; MISC_FILE                                         ; Ddr2SdramIf/Ddr2SdramIf_phy.bsf                       ; --            ; --          ; --                 ;
; MISC_FILE                                         ; Ddr2SdramIf/Ddr2SdramIf_phy.qip                       ; --            ; --          ; --                 ;
; MISC_FILE                                         ; Ddr2SdramIf/Ddr2SdramIf_phy.html                      ; --            ; --          ; --                 ;
; MISC_FILE                                         ; Ddr2SdramIf/Ddr2SdramIf_phy_alt_mem_phy_seq_wrapper.v ; --            ; --          ; --                 ;
; MISC_FILE                                         ; Ddr2SdramIf/Ddr2SdramIf_phy_alt_mem_phy_seq.vhd       ; --            ; --          ; --                 ;
; MISC_FILE                                         ; Ddr2SdramIf/Ddr2SdramIf_phy_alt_mem_phy.v             ; --            ; --          ; --                 ;
; MISC_FILE                                         ; Ddr2SdramIf/Ddr2SdramIf_phy_alt_mem_phy_pll.v         ; --            ; --          ; --                 ;
; MISC_FILE                                         ; Ddr2SdramIf/Ddr2SdramIf_phy_pin_assignments.tcl       ; --            ; --          ; --                 ;
; MISC_FILE                                         ; Ddr2SdramIf/Ddr2SdramIf_phy_ddr_pins.tcl              ; --            ; --          ; --                 ;
; MISC_FILE                                         ; Ddr2SdramIf/Ddr2SdramIf_phy_report_timing.tcl         ; --            ; --          ; --                 ;
; MISC_FILE                                         ; Ddr2SdramIf/Ddr2SdramIf_phy_alt_mem_phy_reconfig.v    ; --            ; --          ; --                 ;
; MISC_FILE                                         ; Ddr2SdramIf/alt_mem_phy_defines.v                     ; --            ; --          ; --                 ;
; MISC_FILE                                         ; Ddr2SdramIf/Ddr2SdramIf_phy.ppf                       ; --            ; --          ; --                 ;
; MISC_FILE                                         ; Ddr2SdramIf/Ddr2SdramIf_phy_alt_mem_phy_pll_bb.v      ; --            ; --          ; --                 ;
; MISC_FILE                                         ; Ddr2SdramIf/Ddr2SdramIf_phy_alt_mem_phy_reconfig_bb.v ; --            ; --          ; --                 ;
; MISC_FILE                                         ; ../Mpd_Common/Fifo_2048x21.bsf                        ; --            ; --          ; --                 ;
; MISC_FILE                                         ; ../Mpd_Common/Fifo_2048x21_bb.v                       ; --            ; --          ; --                 ;
; MISC_FILE                                         ; ../Mpd_Common/Fifo_256x13.bsf                         ; --            ; --          ; --                 ;
; MISC_FILE                                         ; ../Mpd_Common/Fifo_256x13_bb.v                        ; --            ; --          ; --                 ;
; MISC_FILE                                         ; ../Mpd_Common/ApvDataFifo_2048x12.bsf                 ; --            ; --          ; --                 ;
; MISC_FILE                                         ; ../Mpd_Common/ApvDataFifo_2048x12_bb.v                ; --            ; --          ; --                 ;
; MISC_FILE                                         ; ../Mpd_Common/DdrIn.bsf                               ; --            ; --          ; --                 ;
; MISC_FILE                                         ; ../Mpd_Common/DdrIn_bb.v                              ; --            ; --          ; --                 ;
; MISC_FILE                                         ; ../Mpd_Common/DdrIn.ppf                               ; --            ; --          ; --                 ;
; MISC_FILE                                         ; ../Mpd_Common/Gxb.vo                                  ; --            ; --          ; --                 ;
; MISC_FILE                                         ; ../Mpd_Common/Gxb.bsf                                 ; --            ; --          ; --                 ;
; MISC_FILE                                         ; ../Mpd_Common/Gxb_bb.v                                ; --            ; --          ; --                 ;
; MISC_FILE                                         ; ../Mpd_Common/Gxb.ppf                                 ; --            ; --          ; --                 ;
; MISC_FILE                                         ; ./GlobalPll.ppf                                       ; --            ; --          ; --                 ;
; MISC_FILE                                         ; ../Mpd_Common/SpRam_4096x32.bsf                       ; --            ; --          ; --                 ;
; MISC_FILE                                         ; ../Mpd_Common/SpRam_4096x32_bb.v                      ; --            ; --          ; --                 ;
; MISC_FILE                                         ; ../Mpd_Common/DpRam128x12.bsf                         ; --            ; --          ; --                 ;
; MISC_FILE                                         ; ../Mpd_Common/DpRam128x12_bb.v                        ; --            ; --          ; --                 ;
; MISC_FILE                                         ; ../Mpd_Common/Adder12.bsf                             ; --            ; --          ; --                 ;
; MISC_FILE                                         ; ../Mpd_Common/Adder12_bb.v                            ; --            ; --          ; --                 ;
; MISC_FILE                                         ; ../Mpd_Common/Sub13.bsf                               ; --            ; --          ; --                 ;
; MISC_FILE                                         ; ../Mpd_Common/Sub13_bb.v                              ; --            ; --          ; --                 ;
; MISC_FILE                                         ; ../Mpd_Common/ApvDataFifo_1024x12.bsf                 ; --            ; --          ; --                 ;
; MISC_FILE                                         ; ../Mpd_Common/ApvDataFifo_1024x12_bb.v                ; --            ; --          ; --                 ;
; MISC_FILE                                         ; ../Mpd_Common/Fifo_2048x24.bsf                        ; --            ; --          ; --                 ;
; MISC_FILE                                         ; ../Mpd_Common/Fifo_2048x24_bb.v                       ; --            ; --          ; --                 ;
; MISC_FILE                                         ; ../Mpd_Common/Fifo_16x48.bsf                          ; --            ; --          ; --                 ;
; MISC_FILE                                         ; ../Mpd_Common/Fifo_16x48_bb.v                         ; --            ; --          ; --                 ;
; MISC_FILE                                         ; ../Mpd_Common/Fifo_16x24.bsf                          ; --            ; --          ; --                 ;
; MISC_FILE                                         ; ../Mpd_Common/Fifo_16x24_bb.v                         ; --            ; --          ; --                 ;
; MISC_FILE                                         ; ../Mpd_Common/DcFifo_32x12.bsf                        ; --            ; --          ; --                 ;
; MISC_FILE                                         ; ../Mpd_Common/DcFifo_32x12_bb.v                       ; --            ; --          ; --                 ;
; MISC_FILE                                         ; ../Mpd_Common/ApvDataFifo_1024x13.bsf                 ; --            ; --          ; --                 ;
; MISC_FILE                                         ; ../Mpd_Common/ApvDataFifo_1024x13_bb.v                ; --            ; --          ; --                 ;
; MISC_FILE                                         ; ../Mpd_Common/TdcFifo_1024x8_bb.v                     ; --            ; --          ; --                 ;
; MISC_FILE                                         ; ../Mpd_Common/Fifo_8192x64_bb.v                       ; --            ; --          ; --                 ;
; MISC_FILE                                         ; P0CK_Pll_bb.v                                         ; --            ; --          ; --                 ;
; MISC_FILE                                         ; P0CK_Pll.ppf                                          ; --            ; --          ; --                 ;
; MISC_FILE                                         ; CK40_MUX_bb.v                                         ; --            ; --          ; --                 ;
; OUTPUT_PIN_LOAD                                   ; 10                                                    ; --            ; --          ; 3.3-V LVTTL        ;
; OUTPUT_PIN_LOAD                                   ; 10                                                    ; --            ; --          ; 2.5 V              ;
; OUTPUT_PIN_LOAD                                   ; 10                                                    ; --            ; --          ; LVDS               ;
; OUTPUT_PIN_LOAD                                   ; 10                                                    ; --            ; --          ; SSTL-18 CLASS I    ;
; PARTITION_COLOR                                   ; 3112138                                               ; --            ; --          ; AdcDeser:AdcDeser0 ;
; PARTITION_COLOR                                   ; 11151545                                              ; --            ; --          ; AdcDeser:AdcDeser1 ;
; PARTITION_COLOR                                   ; 16764057                                              ; --            ; --          ; Top                ;
; PARTITION_FITTER_PRESERVATION_LEVEL               ; PLACEMENT_AND_ROUTING                                 ; --            ; --          ; AdcDeser:AdcDeser0 ;
; PARTITION_FITTER_PRESERVATION_LEVEL               ; PLACEMENT_AND_ROUTING                                 ; --            ; --          ; AdcDeser:AdcDeser1 ;
; PARTITION_FITTER_PRESERVATION_LEVEL               ; PLACEMENT_AND_ROUTING                                 ; --            ; --          ; Top                ;
; PARTITION_NETLIST_TYPE                            ; POST_SYNTH                                            ; --            ; --          ; AdcDeser:AdcDeser0 ;
; PARTITION_NETLIST_TYPE                            ; POST_SYNTH                                            ; --            ; --          ; AdcDeser:AdcDeser1 ;
; PARTITION_NETLIST_TYPE                            ; SOURCE                                                ; --            ; --          ; Top                ;
; PHYSICAL_SYNTHESIS_ASYNCHRONOUS_SIGNAL_PIPELINING ; On                                                    ; Off           ; --          ; --                 ;
; PHYSICAL_SYNTHESIS_COMBO_LOGIC                    ; On                                                    ; Off           ; --          ; --                 ;
; PHYSICAL_SYNTHESIS_COMBO_LOGIC_FOR_AREA           ; On                                                    ; Off           ; --          ; --                 ;
; PHYSICAL_SYNTHESIS_MAP_LOGIC_TO_MEMORY_FOR_AREA   ; On                                                    ; Off           ; --          ; --                 ;
; PHYSICAL_SYNTHESIS_REGISTER_DUPLICATION           ; On                                                    ; Off           ; --          ; --                 ;
; PHYSICAL_SYNTHESIS_REGISTER_RETIMING              ; On                                                    ; Off           ; --          ; --                 ;
; POWER_BOARD_THERMAL_MODEL                         ; None (CONSERVATIVE)                                   ; --            ; --          ; --                 ;
; POWER_PRESET_COOLING_SOLUTION                     ; 15 MM HEAT SINK WITH 100 LFPM AIRFLOW                 ; --            ; --          ; --                 ;
; PRE_FLOW_SCRIPT_FILE                              ; quartus_sh:SaveCompileTime.tcl                        ; --            ; --          ; --                 ;
; SAFE_STATE_MACHINE                                ; On                                                    ; Off           ; --          ; --                 ;
; SEARCH_PATH                                       ; Ddr2SdramIf/.                                         ; --            ; --          ; --                 ;
; SEARCH_PATH                                       ; Ddr2SdramIf/ddr2_high_performance_controller-library  ; --            ; --          ; --                 ;
; SEARCH_PATH                                       ; Ddr2SdramIf/.                                         ; --            ; --          ; --                 ;
; SEARCH_PATH                                       ; Ddr2SdramIf/altmemphy-library                         ; --            ; --          ; --                 ;
; USE_GENERATED_PHYSICAL_CONSTRAINTS                ; Off                                                   ; --            ; --          ; eda_blast_fpga     ;
; VERILOG_SHOW_LMF_MAPPING_MESSAGES                 ; Off                                                   ; --            ; --          ; --                 ;
+---------------------------------------------------+-------------------------------------------------------+---------------+-------------+--------------------+


+-------------------------------------------------------------------------------------------------------------------------------+
; Flow Elapsed Time                                                                                                             ;
+---------------------------+--------------+-------------------------+---------------------+------------------------------------+
; Module Name               ; Elapsed Time ; Average Processors Used ; Peak Virtual Memory ; Total CPU Time (on all processors) ;
+---------------------------+--------------+-------------------------+---------------------+------------------------------------+
; Analysis & Synthesis      ; 00:03:08     ; 2.4                     ; 882 MB              ; 00:03:13                           ;
; Partition Merge           ; 00:00:08     ; 1.0                     ; 599 MB              ; 00:00:08                           ;
; Fitter                    ; 00:24:27     ; 1.7                     ; 2298 MB             ; 00:36:48                           ;
; Assembler                 ; 00:00:12     ; 1.0                     ; 651 MB              ; 00:00:11                           ;
; TimeQuest Timing Analyzer ; 00:00:33     ; 1.0                     ; 1188 MB             ; 00:00:32                           ;
; Analysis & Synthesis      ; 00:02:58     ; 1.0                     ; 992 MB              ; 00:02:58                           ;
; Partition Merge           ; 00:00:09     ; 1.0                     ; 647 MB              ; 00:00:09                           ;
; Fitter                    ; 00:21:21     ; 1.7                     ; 2184 MB             ; 00:31:41                           ;
; Assembler                 ; 00:00:11     ; 1.0                     ; 651 MB              ; 00:00:11                           ;
; TimeQuest Timing Analyzer ; 00:00:33     ; 1.0                     ; 1195 MB             ; 00:00:33                           ;
; Analysis & Synthesis      ; 00:03:00     ; 1.0                     ; 994 MB              ; 00:02:59                           ;
; Partition Merge           ; 00:00:09     ; 1.0                     ; 637 MB              ; 00:00:09                           ;
; Fitter                    ; 00:22:31     ; 1.7                     ; 2210 MB             ; 00:32:54                           ;
; Assembler                 ; 00:00:11     ; 1.0                     ; 645 MB              ; 00:00:11                           ;
; TimeQuest Timing Analyzer ; 00:00:34     ; 1.0                     ; 1192 MB             ; 00:00:34                           ;
; Analysis & Synthesis      ; 00:03:11     ; 1.0                     ; 991 MB              ; 00:02:59                           ;
; Partition Merge           ; 00:00:09     ; 1.0                     ; 648 MB              ; 00:00:09                           ;
; Fitter                    ; 00:22:23     ; 1.6                     ; 2234 MB             ; 00:31:29                           ;
; Assembler                 ; 00:00:12     ; 1.0                     ; 659 MB              ; 00:00:12                           ;
; TimeQuest Timing Analyzer ; 00:00:34     ; 1.0                     ; 1192 MB             ; 00:00:34                           ;
; Analysis & Synthesis      ; 00:03:06     ; 1.0                     ; 989 MB              ; 00:03:05                           ;
; Partition Merge           ; 00:00:10     ; 1.0                     ; 648 MB              ; 00:00:09                           ;
; Analysis & Synthesis      ; 00:03:10     ; 1.0                     ; 986 MB              ; 00:03:10                           ;
; Partition Merge           ; 00:00:09     ; 1.0                     ; 648 MB              ; 00:00:09                           ;
; Fitter                    ; 00:23:02     ; 1.7                     ; 2192 MB             ; 00:33:46                           ;
; Assembler                 ; 00:00:12     ; 1.0                     ; 640 MB              ; 00:00:12                           ;
; TimeQuest Timing Analyzer ; 00:00:35     ; 1.0                     ; 1191 MB             ; 00:00:34                           ;
; Analysis & Synthesis      ; 00:02:56     ; 1.0                     ; 998 MB              ; 00:02:56                           ;
; Partition Merge           ; 00:00:08     ; 1.0                     ; 638 MB              ; 00:00:09                           ;
; Fitter                    ; 00:22:10     ; 1.7                     ; 2209 MB             ; 00:32:40                           ;
; Assembler                 ; 00:00:12     ; 1.0                     ; 648 MB              ; 00:00:11                           ;
; TimeQuest Timing Analyzer ; 00:00:32     ; 1.0                     ; 1196 MB             ; 00:00:32                           ;
; Analysis & Synthesis      ; 00:03:05     ; 1.0                     ; 999 MB              ; 00:03:05                           ;
; Partition Merge           ; 00:00:10     ; 1.0                     ; 637 MB              ; 00:00:10                           ;
; Fitter                    ; 00:25:39     ; 1.6                     ; 2213 MB             ; 00:36:17                           ;
; Assembler                 ; 00:00:12     ; 1.0                     ; 648 MB              ; 00:00:11                           ;
; TimeQuest Timing Analyzer ; 00:00:35     ; 1.0                     ; 1185 MB             ; 00:00:35                           ;
; Analysis & Synthesis      ; 00:02:53     ; 1.0                     ; 994 MB              ; 00:02:53                           ;
; Partition Merge           ; 00:00:08     ; 1.0                     ; 649 MB              ; 00:00:09                           ;
; Fitter                    ; 00:20:06     ; 1.7                     ; 2152 MB             ; 00:29:33                           ;
; Assembler                 ; 00:00:10     ; 1.0                     ; 643 MB              ; 00:00:11                           ;
; TimeQuest Timing Analyzer ; 00:00:32     ; 1.0                     ; 1190 MB             ; 00:00:32                           ;
; Analysis & Synthesis      ; 00:03:09     ; 1.0                     ; 993 MB              ; 00:03:03                           ;
; Partition Merge           ; 00:00:09     ; 1.0                     ; 649 MB              ; 00:00:09                           ;
; Fitter                    ; 00:24:14     ; 1.6                     ; 2152 MB             ; 00:34:14                           ;
; Assembler                 ; 00:00:11     ; 1.0                     ; 641 MB              ; 00:00:11                           ;
; TimeQuest Timing Analyzer ; 00:00:32     ; 1.0                     ; 1177 MB             ; 00:00:33                           ;
; Analysis & Synthesis      ; 00:02:58     ; 1.0                     ; 990 MB              ; 00:02:58                           ;
; Partition Merge           ; 00:00:09     ; 1.0                     ; 649 MB              ; 00:00:09                           ;
; Fitter                    ; 00:22:56     ; 1.6                     ; 2157 MB             ; 00:32:36                           ;
; Assembler                 ; 00:00:11     ; 1.0                     ; 641 MB              ; 00:00:11                           ;
; TimeQuest Timing Analyzer ; 00:00:33     ; 1.0                     ; 1182 MB             ; 00:00:33                           ;
; Analysis & Synthesis      ; 00:02:56     ; 1.0                     ; 1000 MB             ; 00:02:55                           ;
; Partition Merge           ; 00:00:08     ; 1.0                     ; 634 MB              ; 00:00:09                           ;
; Fitter                    ; 00:22:12     ; 1.7                     ; 2165 MB             ; 00:31:58                           ;
; Assembler                 ; 00:00:11     ; 1.0                     ; 651 MB              ; 00:00:11                           ;
; TimeQuest Timing Analyzer ; 00:00:33     ; 1.0                     ; 1190 MB             ; 00:00:34                           ;
; Analysis & Synthesis      ; 00:03:15     ; 1.0                     ; 1000 MB             ; 00:03:09                           ;
; Partition Merge           ; 00:00:09     ; 1.0                     ; 650 MB              ; 00:00:09                           ;
; Fitter                    ; 00:26:11     ; 1.6                     ; 2406 MB             ; 00:37:46                           ;
; Assembler                 ; 00:00:11     ; 1.0                     ; 648 MB              ; 00:00:11                           ;
; TimeQuest Timing Analyzer ; 00:00:33     ; 1.0                     ; 1198 MB             ; 00:00:33                           ;
; Analysis & Synthesis      ; 00:03:02     ; 1.0                     ; 991 MB              ; 00:02:57                           ;
; Partition Merge           ; 00:00:10     ; 1.0                     ; 650 MB              ; 00:00:09                           ;
; Fitter                    ; 00:25:30     ; 1.6                     ; 2519 MB             ; 00:36:13                           ;
; Assembler                 ; 00:00:12     ; 1.0                     ; 648 MB              ; 00:00:11                           ;
; TimeQuest Timing Analyzer ; 00:00:34     ; 1.0                     ; 1192 MB             ; 00:00:34                           ;
; Analysis & Synthesis      ; 00:03:02     ; 1.0                     ; 996 MB              ; 00:02:58                           ;
; Partition Merge           ; 00:00:09     ; 1.0                     ; 650 MB              ; 00:00:09                           ;
; Fitter                    ; 00:20:45     ; 1.7                     ; 2291 MB             ; 00:30:30                           ;
; Assembler                 ; 00:00:11     ; 1.0                     ; 648 MB              ; 00:00:11                           ;
; TimeQuest Timing Analyzer ; 00:00:34     ; 1.0                     ; 1177 MB             ; 00:00:33                           ;
; Analysis & Synthesis      ; 00:00:12     ; 1.0                     ; 622 MB              ; 00:00:09                           ;
; Analysis & Synthesis      ; 00:03:10     ; 1.0                     ; 960 MB              ; 00:03:00                           ;
; Partition Merge           ; 00:00:11     ; 1.0                     ; 650 MB              ; 00:00:10                           ;
; Fitter                    ; 00:22:05     ; 1.7                     ; 2191 MB             ; 00:31:30                           ;
; Assembler                 ; 00:00:11     ; 1.0                     ; 651 MB              ; 00:00:11                           ;
; TimeQuest Timing Analyzer ; 00:00:33     ; 1.0                     ; 1199 MB             ; 00:00:33                           ;
; Analysis & Synthesis      ; 00:03:13     ; 1.0                     ; 999 MB              ; 00:03:02                           ;
; Partition Merge           ; 00:00:09     ; 1.0                     ; 650 MB              ; 00:00:09                           ;
; Fitter                    ; 00:26:27     ; 1.6                     ; 2204 MB             ; 00:37:39                           ;
; Assembler                 ; 00:00:12     ; 1.0                     ; 659 MB              ; 00:00:12                           ;
; TimeQuest Timing Analyzer ; 00:00:35     ; 1.0                     ; 1196 MB             ; 00:00:36                           ;
; Total                     ; 07:18:54     ; --                      ; --                  ; 10:03:31                           ;
+---------------------------+--------------+-------------------------+---------------------+------------------------------------+


+----------------------------------------------------------------------------------------+
; Flow OS Summary                                                                        ;
+---------------------------+------------------+-----------+------------+----------------+
; Module Name               ; Machine Hostname ; OS Name   ; OS Version ; Processor type ;
+---------------------------+------------------+-----------+------------+----------------+
; Analysis & Synthesis      ; nbmusico         ; Windows 7 ; 6.1        ; x86_64         ;
; Partition Merge           ; nbmusico         ; Windows 7 ; 6.1        ; x86_64         ;
; Fitter                    ; nbmusico         ; Windows 7 ; 6.1        ; x86_64         ;
; Assembler                 ; nbmusico         ; Windows 7 ; 6.1        ; x86_64         ;
; TimeQuest Timing Analyzer ; nbmusico         ; Windows 7 ; 6.1        ; x86_64         ;
; Analysis & Synthesis      ; nbmusico         ; Windows 7 ; 6.1        ; x86_64         ;
; Partition Merge           ; nbmusico         ; Windows 7 ; 6.1        ; x86_64         ;
; Fitter                    ; nbmusico         ; Windows 7 ; 6.1        ; x86_64         ;
; Assembler                 ; nbmusico         ; Windows 7 ; 6.1        ; x86_64         ;
; TimeQuest Timing Analyzer ; nbmusico         ; Windows 7 ; 6.1        ; x86_64         ;
; Analysis & Synthesis      ; nbmusico         ; Windows 7 ; 6.1        ; x86_64         ;
; Partition Merge           ; nbmusico         ; Windows 7 ; 6.1        ; x86_64         ;
; Fitter                    ; nbmusico         ; Windows 7 ; 6.1        ; x86_64         ;
; Assembler                 ; nbmusico         ; Windows 7 ; 6.1        ; x86_64         ;
; TimeQuest Timing Analyzer ; nbmusico         ; Windows 7 ; 6.1        ; x86_64         ;
; Analysis & Synthesis      ; nbmusico         ; Windows 7 ; 6.1        ; x86_64         ;
; Partition Merge           ; nbmusico         ; Windows 7 ; 6.1        ; x86_64         ;
; Fitter                    ; nbmusico         ; Windows 7 ; 6.1        ; x86_64         ;
; Assembler                 ; nbmusico         ; Windows 7 ; 6.1        ; x86_64         ;
; TimeQuest Timing Analyzer ; nbmusico         ; Windows 7 ; 6.1        ; x86_64         ;
; Analysis & Synthesis      ; nbmusico         ; Windows 7 ; 6.1        ; x86_64         ;
; Partition Merge           ; nbmusico         ; Windows 7 ; 6.1        ; x86_64         ;
; Analysis & Synthesis      ; nbmusico         ; Windows 7 ; 6.1        ; x86_64         ;
; Partition Merge           ; nbmusico         ; Windows 7 ; 6.1        ; x86_64         ;
; Fitter                    ; nbmusico         ; Windows 7 ; 6.1        ; x86_64         ;
; Assembler                 ; nbmusico         ; Windows 7 ; 6.1        ; x86_64         ;
; TimeQuest Timing Analyzer ; nbmusico         ; Windows 7 ; 6.1        ; x86_64         ;
; Analysis & Synthesis      ; nbmusico         ; Windows 7 ; 6.1        ; x86_64         ;
; Partition Merge           ; nbmusico         ; Windows 7 ; 6.1        ; x86_64         ;
; Fitter                    ; nbmusico         ; Windows 7 ; 6.1        ; x86_64         ;
; Assembler                 ; nbmusico         ; Windows 7 ; 6.1        ; x86_64         ;
; TimeQuest Timing Analyzer ; nbmusico         ; Windows 7 ; 6.1        ; x86_64         ;
; Analysis & Synthesis      ; nbmusico         ; Windows 7 ; 6.1        ; x86_64         ;
; Partition Merge           ; nbmusico         ; Windows 7 ; 6.1        ; x86_64         ;
; Fitter                    ; nbmusico         ; Windows 7 ; 6.1        ; x86_64         ;
; Assembler                 ; nbmusico         ; Windows 7 ; 6.1        ; x86_64         ;
; TimeQuest Timing Analyzer ; nbmusico         ; Windows 7 ; 6.1        ; x86_64         ;
; Analysis & Synthesis      ; nbmusico         ; Windows 7 ; 6.1        ; x86_64         ;
; Partition Merge           ; nbmusico         ; Windows 7 ; 6.1        ; x86_64         ;
; Fitter                    ; nbmusico         ; Windows 7 ; 6.1        ; x86_64         ;
; Assembler                 ; nbmusico         ; Windows 7 ; 6.1        ; x86_64         ;
; TimeQuest Timing Analyzer ; nbmusico         ; Windows 7 ; 6.1        ; x86_64         ;
; Analysis & Synthesis      ; nbmusico         ; Windows 7 ; 6.1        ; x86_64         ;
; Partition Merge           ; nbmusico         ; Windows 7 ; 6.1        ; x86_64         ;
; Fitter                    ; nbmusico         ; Windows 7 ; 6.1        ; x86_64         ;
; Assembler                 ; nbmusico         ; Windows 7 ; 6.1        ; x86_64         ;
; TimeQuest Timing Analyzer ; nbmusico         ; Windows 7 ; 6.1        ; x86_64         ;
; Analysis & Synthesis      ; nbmusico         ; Windows 7 ; 6.1        ; x86_64         ;
; Partition Merge           ; nbmusico         ; Windows 7 ; 6.1        ; x86_64         ;
; Fitter                    ; nbmusico         ; Windows 7 ; 6.1        ; x86_64         ;
; Assembler                 ; nbmusico         ; Windows 7 ; 6.1        ; x86_64         ;
; TimeQuest Timing Analyzer ; nbmusico         ; Windows 7 ; 6.1        ; x86_64         ;
; Analysis & Synthesis      ; nbmusico         ; Windows 7 ; 6.1        ; x86_64         ;
; Partition Merge           ; nbmusico         ; Windows 7 ; 6.1        ; x86_64         ;
; Fitter                    ; nbmusico         ; Windows 7 ; 6.1        ; x86_64         ;
; Assembler                 ; nbmusico         ; Windows 7 ; 6.1        ; x86_64         ;
; TimeQuest Timing Analyzer ; nbmusico         ; Windows 7 ; 6.1        ; x86_64         ;
; Analysis & Synthesis      ; nbmusico         ; Windows 7 ; 6.1        ; x86_64         ;
; Partition Merge           ; nbmusico         ; Windows 7 ; 6.1        ; x86_64         ;
; Fitter                    ; nbmusico         ; Windows 7 ; 6.1        ; x86_64         ;
; Assembler                 ; nbmusico         ; Windows 7 ; 6.1        ; x86_64         ;
; TimeQuest Timing Analyzer ; nbmusico         ; Windows 7 ; 6.1        ; x86_64         ;
; Analysis & Synthesis      ; nbmusico         ; Windows 7 ; 6.1        ; x86_64         ;
; Partition Merge           ; nbmusico         ; Windows 7 ; 6.1        ; x86_64         ;
; Fitter                    ; nbmusico         ; Windows 7 ; 6.1        ; x86_64         ;
; Assembler                 ; nbmusico         ; Windows 7 ; 6.1        ; x86_64         ;
; TimeQuest Timing Analyzer ; nbmusico         ; Windows 7 ; 6.1        ; x86_64         ;
; Analysis & Synthesis      ; nbmusico         ; Windows 7 ; 6.1        ; x86_64         ;
; Partition Merge           ; nbmusico         ; Windows 7 ; 6.1        ; x86_64         ;
; Fitter                    ; nbmusico         ; Windows 7 ; 6.1        ; x86_64         ;
; Assembler                 ; nbmusico         ; Windows 7 ; 6.1        ; x86_64         ;
; TimeQuest Timing Analyzer ; nbmusico         ; Windows 7 ; 6.1        ; x86_64         ;
; Analysis & Synthesis      ; nbmusico         ; Windows 7 ; 6.1        ; x86_64         ;
; Analysis & Synthesis      ; nbmusico         ; Windows 7 ; 6.1        ; x86_64         ;
; Partition Merge           ; nbmusico         ; Windows 7 ; 6.1        ; x86_64         ;
; Fitter                    ; nbmusico         ; Windows 7 ; 6.1        ; x86_64         ;
; Assembler                 ; nbmusico         ; Windows 7 ; 6.1        ; x86_64         ;
; TimeQuest Timing Analyzer ; nbmusico         ; Windows 7 ; 6.1        ; x86_64         ;
; Analysis & Synthesis      ; nbmusico         ; Windows 7 ; 6.1        ; x86_64         ;
; Partition Merge           ; nbmusico         ; Windows 7 ; 6.1        ; x86_64         ;
; Fitter                    ; nbmusico         ; Windows 7 ; 6.1        ; x86_64         ;
; Assembler                 ; nbmusico         ; Windows 7 ; 6.1        ; x86_64         ;
; TimeQuest Timing Analyzer ; nbmusico         ; Windows 7 ; 6.1        ; x86_64         ;
+---------------------------+------------------+-----------+------------+----------------+


------------
; Flow Log ;
------------
quartus_map --read_settings_files=on --write_settings_files=off Fpga -c Fpga
quartus_cdb --read_settings_files=off --write_settings_files=off Fpga -c Fpga --merge=on
quartus_fit --read_settings_files=off --write_settings_files=off Fpga -c Fpga
quartus_asm --read_settings_files=off --write_settings_files=off Fpga -c Fpga
quartus_sta Fpga -c Fpga
quartus_map --read_settings_files=on --write_settings_files=off Fpga -c Fpga
quartus_cdb --read_settings_files=off --write_settings_files=off Fpga -c Fpga --merge=on
quartus_fit --read_settings_files=off --write_settings_files=off Fpga -c Fpga
quartus_asm --read_settings_files=off --write_settings_files=off Fpga -c Fpga
quartus_sta Fpga -c Fpga
quartus_map --read_settings_files=on --write_settings_files=off Fpga -c Fpga
quartus_cdb --read_settings_files=off --write_settings_files=off Fpga -c Fpga --merge=on
quartus_fit --read_settings_files=off --write_settings_files=off Fpga -c Fpga
quartus_asm --read_settings_files=off --write_settings_files=off Fpga -c Fpga
quartus_sta Fpga -c Fpga
quartus_map --read_settings_files=on --write_settings_files=off Fpga -c Fpga
quartus_cdb --read_settings_files=off --write_settings_files=off Fpga -c Fpga --merge=on
quartus_fit --read_settings_files=off --write_settings_files=off Fpga -c Fpga
quartus_asm --read_settings_files=off --write_settings_files=off Fpga -c Fpga
quartus_sta Fpga -c Fpga
quartus_map --read_settings_files=on --write_settings_files=off Fpga -c Fpga
quartus_cdb --read_settings_files=off --write_settings_files=off Fpga -c Fpga --merge=on
quartus_map --read_settings_files=on --write_settings_files=off Fpga -c Fpga
quartus_cdb --read_settings_files=off --write_settings_files=off Fpga -c Fpga --merge=on
quartus_fit --read_settings_files=off --write_settings_files=off Fpga -c Fpga
quartus_asm --read_settings_files=off --write_settings_files=off Fpga -c Fpga
quartus_sta Fpga -c Fpga
quartus_map --read_settings_files=on --write_settings_files=off Fpga -c Fpga
quartus_cdb --read_settings_files=off --write_settings_files=off Fpga -c Fpga --merge=on
quartus_fit --read_settings_files=off --write_settings_files=off Fpga -c Fpga
quartus_asm --read_settings_files=off --write_settings_files=off Fpga -c Fpga
quartus_sta Fpga -c Fpga
quartus_map --read_settings_files=on --write_settings_files=off Fpga -c Fpga
quartus_cdb --read_settings_files=off --write_settings_files=off Fpga -c Fpga --merge=on
quartus_fit --read_settings_files=off --write_settings_files=off Fpga -c Fpga
quartus_asm --read_settings_files=off --write_settings_files=off Fpga -c Fpga
quartus_sta Fpga -c Fpga
quartus_map --read_settings_files=on --write_settings_files=off Fpga -c Fpga
quartus_cdb --read_settings_files=off --write_settings_files=off Fpga -c Fpga --merge=on
quartus_fit --read_settings_files=off --write_settings_files=off Fpga -c Fpga
quartus_asm --read_settings_files=off --write_settings_files=off Fpga -c Fpga
quartus_sta Fpga -c Fpga
quartus_map --read_settings_files=on --write_settings_files=off Fpga -c Fpga
quartus_cdb --read_settings_files=off --write_settings_files=off Fpga -c Fpga --merge=on
quartus_fit --read_settings_files=off --write_settings_files=off Fpga -c Fpga
quartus_asm --read_settings_files=off --write_settings_files=off Fpga -c Fpga
quartus_sta Fpga -c Fpga
quartus_map --read_settings_files=on --write_settings_files=off Fpga -c Fpga
quartus_cdb --read_settings_files=off --write_settings_files=off Fpga -c Fpga --merge=on
quartus_fit --read_settings_files=off --write_settings_files=off Fpga -c Fpga
quartus_asm --read_settings_files=off --write_settings_files=off Fpga -c Fpga
quartus_sta Fpga -c Fpga
quartus_map --read_settings_files=on --write_settings_files=off Fpga -c Fpga
quartus_cdb --read_settings_files=off --write_settings_files=off Fpga -c Fpga --merge=on
quartus_fit --read_settings_files=off --write_settings_files=off Fpga -c Fpga
quartus_asm --read_settings_files=off --write_settings_files=off Fpga -c Fpga
quartus_sta Fpga -c Fpga
quartus_map --read_settings_files=on --write_settings_files=off Fpga -c Fpga
quartus_cdb --read_settings_files=off --write_settings_files=off Fpga -c Fpga --merge=on
quartus_fit --read_settings_files=off --write_settings_files=off Fpga -c Fpga
quartus_asm --read_settings_files=off --write_settings_files=off Fpga -c Fpga
quartus_sta Fpga -c Fpga
quartus_map --read_settings_files=on --write_settings_files=off Fpga -c Fpga
quartus_cdb --read_settings_files=off --write_settings_files=off Fpga -c Fpga --merge=on
quartus_fit --read_settings_files=off --write_settings_files=off Fpga -c Fpga
quartus_asm --read_settings_files=off --write_settings_files=off Fpga -c Fpga
quartus_sta Fpga -c Fpga
quartus_map --read_settings_files=on --write_settings_files=off Fpga -c Fpga
quartus_cdb --read_settings_files=off --write_settings_files=off Fpga -c Fpga --merge=on
quartus_fit --read_settings_files=off --write_settings_files=off Fpga -c Fpga
quartus_asm --read_settings_files=off --write_settings_files=off Fpga -c Fpga
quartus_sta Fpga -c Fpga
quartus_map --read_settings_files=on --write_settings_files=off Fpga -c Fpga
quartus_map --read_settings_files=on --write_settings_files=off Fpga -c Fpga
quartus_cdb --read_settings_files=off --write_settings_files=off Fpga -c Fpga --merge=on
quartus_fit --read_settings_files=off --write_settings_files=off Fpga -c Fpga
quartus_asm --read_settings_files=off --write_settings_files=off Fpga -c Fpga
quartus_sta Fpga -c Fpga
quartus_map --read_settings_files=on --write_settings_files=off Fpga -c Fpga
quartus_cdb --read_settings_files=off --write_settings_files=off Fpga -c Fpga --merge=on
quartus_fit --read_settings_files=off --write_settings_files=off Fpga -c Fpga
quartus_asm --read_settings_files=off --write_settings_files=off Fpga -c Fpga
quartus_sta Fpga -c Fpga



